0 info it worked if it ends with ok
1 verbose cli [ '/usr/bin/node', '/usr/bin/npm', 'install', '-g', 'bower' ]
2 info using npm@2.15.0
3 info using node@v0.12.13
4 verbose node symlink /usr/bin/node
5 verbose install initial load of /usr/lib/package.json
6 verbose readDependencies loading dependencies from /usr/lib/package.json
7 silly cache add args [ 'bower', null ]
8 verbose cache add spec bower
9 silly cache add parsed spec { raw: 'bower',
9 silly cache add   scope: null,
9 silly cache add   name: 'bower',
9 silly cache add   rawSpec: '',
9 silly cache add   spec: 'latest',
9 silly cache add   type: 'tag' }
10 silly addNamed bower@latest
11 verbose addNamed "latest" is being treated as a dist-tag for bower
12 info addNameTag [ 'bower', 'latest' ]
13 silly mapToRegistry name bower
14 silly mapToRegistry using default registry
15 silly mapToRegistry registry https://registry.npmjs.org/
16 silly mapToRegistry data { raw: 'bower',
16 silly mapToRegistry   scope: null,
16 silly mapToRegistry   name: 'bower',
16 silly mapToRegistry   rawSpec: '',
16 silly mapToRegistry   spec: 'latest',
16 silly mapToRegistry   type: 'tag' }
17 silly mapToRegistry uri https://registry.npmjs.org/bower
18 verbose addNameTag registry:https://registry.npmjs.org/bower not in flight; fetching
19 verbose request uri https://registry.npmjs.org/bower
20 verbose request no auth needed
21 info attempt registry request try #1 at 3:42:23 PM
22 verbose request id 2fab7d3a1b81b751
23 verbose etag "18ZUCBZQK01UXN6PO7JHJJFF8"
24 http request GET https://registry.npmjs.org/bower
25 http 200 https://registry.npmjs.org/bower
26 verbose headers { server: 'CouchDB/1.5.0 (Erlang OTP/R16B03)',
26 verbose headers   etag: '"841KH7DU7F4OGDN3QIC56ZUSN"',
26 verbose headers   'content-type': 'application/json',
26 verbose headers   'content-encoding': 'gzip',
26 verbose headers   'cache-control': 'max-age=300',
26 verbose headers   'content-length': '20421',
26 verbose headers   'accept-ranges': 'bytes',
26 verbose headers   date: 'Wed, 04 May 2016 18:42:23 GMT',
26 verbose headers   via: '1.1 varnish',
26 verbose headers   age: '191',
26 verbose headers   connection: 'keep-alive',
26 verbose headers   'x-served-by': 'cache-iad2144-IAD',
26 verbose headers   'x-cache': 'HIT',
26 verbose headers   'x-cache-hits': '2',
26 verbose headers   'x-timer': 'S1462387343.998636,VS0,VE0',
26 verbose headers   vary: 'Accept-Encoding' }
27 silly get cb [ 200,
27 silly get   { server: 'CouchDB/1.5.0 (Erlang OTP/R16B03)',
27 silly get     etag: '"841KH7DU7F4OGDN3QIC56ZUSN"',
27 silly get     'content-type': 'application/json',
27 silly get     'content-encoding': 'gzip',
27 silly get     'cache-control': 'max-age=300',
27 silly get     'content-length': '20421',
27 silly get     'accept-ranges': 'bytes',
27 silly get     date: 'Wed, 04 May 2016 18:42:23 GMT',
27 silly get     via: '1.1 varnish',
27 silly get     age: '191',
27 silly get     connection: 'keep-alive',
27 silly get     'x-served-by': 'cache-iad2144-IAD',
27 silly get     'x-cache': 'HIT',
27 silly get     'x-cache-hits': '2',
27 silly get     'x-timer': 'S1462387343.998636,VS0,VE0',
27 silly get     vary: 'Accept-Encoding' } ]
28 verbose get saving bower to /home/idealinvest/.npm/registry.npmjs.org/bower/.cache.json
29 verbose correctMkdir /home/idealinvest/.npm correctMkdir not in flight; initializing
30 silly addNameTag next cb for bower with tag latest
31 silly addNamed bower@1.7.9
32 verbose addNamed "1.7.9" is a plain semver version for bower
33 silly cache afterAdd bower@1.7.9
34 verbose afterAdd /home/idealinvest/.npm/bower/1.7.9/package/package.json not in flight; writing
35 verbose correctMkdir /home/idealinvest/.npm correctMkdir not in flight; initializing
36 verbose afterAdd /home/idealinvest/.npm/bower/1.7.9/package/package.json written
37 silly install resolved [ { name: 'bower',
37 silly install resolved     version: '1.7.9',
37 silly install resolved     description: 'The browser package manager',
37 silly install resolved     author: { name: 'Twitter' },
37 silly install resolved     license: 'MIT',
37 silly install resolved     repository: { type: 'git', url: 'git+https://github.com/bower/bower.git' },
37 silly install resolved     main: 'lib',
37 silly install resolved     bin: { bower: 'bin/bower' },
37 silly install resolved     homepage: 'http://bower.io',
37 silly install resolved     engines: { node: '>=0.10.0' },
37 silly install resolved     keywords: [ 'bower' ],
37 silly install resolved     files: [ 'bin', 'lib' ],
37 silly install resolved     bugs: { url: 'https://github.com/bower/bower/issues' },
37 silly install resolved     _id: 'bower@1.7.9',
37 silly install resolved     scripts: {},
37 silly install resolved     _shasum: 'b7296c2393e0d75edaa6ca39648132dd255812b0',
37 silly install resolved     _from: 'bower@latest',
37 silly install resolved     _npmVersion: '3.7.3',
37 silly install resolved     _nodeVersion: '5.9.0',
37 silly install resolved     _npmUser: { name: 'sheerun', email: 'sheerun@sher.pl' },
37 silly install resolved     dist:
37 silly install resolved      { shasum: 'b7296c2393e0d75edaa6ca39648132dd255812b0',
37 silly install resolved        tarball: 'https://registry.npmjs.org/bower/-/bower-1.7.9.tgz' },
37 silly install resolved     maintainers:
37 silly install resolved      [ [Object],
37 silly install resolved        [Object],
37 silly install resolved        [Object],
37 silly install resolved        [Object],
37 silly install resolved        [Object],
37 silly install resolved        [Object],
37 silly install resolved        [Object] ],
37 silly install resolved     _npmOperationalInternal:
37 silly install resolved      { host: 'packages-12-west.internal.npmjs.com',
37 silly install resolved        tmp: 'tmp/bower-1.7.9.tgz_1459857239351_0.9720134933013469' },
37 silly install resolved     directories: {},
37 silly install resolved     _resolved: 'https://registry.npmjs.org/bower/-/bower-1.7.9.tgz',
37 silly install resolved     readme: 'ERROR: No README data found!' } ]
38 info install bower@1.7.9 into /usr/lib
39 info installOne bower@1.7.9
40 verbose installOne of bower to /usr/lib not in flight; installing
41 verbose correctMkdir /home/idealinvest/.npm/_locks correctMkdir not in flight; initializing
42 verbose lock using /home/idealinvest/.npm/_locks/bower-f46d670cb56ecd4d.lock for /usr/lib/node_modules/bower
43 silly install write writing bower 1.7.9 to /usr/lib/node_modules/bower
44 verbose unbuild lib/node_modules/bower
45 info preuninstall bower@1.7.7
46 info uninstall bower@1.7.7
47 verbose unbuild rmStuff bower@1.7.7 from /usr/lib/node_modules
48 silly gentlyRm /usr/bin/bower is being gently removed
49 silly gentlyRm verifying /usr is an npm working directory
50 silly gentlyRm containing path /usr is under npm's control, in /usr
51 silly gentlyRm deletion target /usr/bin/bower is under /usr
52 verbose gentlyRm vacuuming from /usr/bin/bower up to /usr
53 silly vacuum-fs removing /usr/bin/bower
54 verbose unlock done using /home/idealinvest/.npm/_locks/bower-f46d670cb56ecd4d.lock for /usr/lib/node_modules/bower
55 verbose stack Error: EACCES, unlink '/usr/bin/bower'
55 verbose stack     at Error (native)
56 verbose cwd /var/www/controle
57 error Linux 3.2.0-4-amd64
58 error argv "/usr/bin/node" "/usr/bin/npm" "install" "-g" "bower"
59 error node v0.12.13
60 error npm  v2.15.0
61 error path /usr/bin/bower
62 error code EACCES
63 error errno -13
64 error Error: EACCES, unlink '/usr/bin/bower'
64 error     at Error (native)
64 error  { [Error: EACCES, unlink '/usr/bin/bower'] errno: -13, code: 'EACCES', path: '/usr/bin/bower' }
65 error Please try running this command again as root/Administrator.
66 verbose exit [ -13, true ]
67 verbose unbuild lib/node_modules/bower
68 info preuninstall bower@1.7.7
69 info uninstall bower@1.7.7
70 verbose unbuild rmStuff bower@1.7.7 from /usr/lib/node_modules
71 silly gentlyRm /usr/bin/bower is being gently removed
72 silly gentlyRm verifying /usr is an npm working directory
73 silly gentlyRm containing path /usr is under npm's control, in /usr
74 silly gentlyRm deletion target /usr/bin/bower is under /usr
75 verbose gentlyRm vacuuming from /usr/bin/bower up to /usr
76 silly vacuum-fs removing /usr/bin/bower
77 error error rolling back Error: EACCES, unlink '/usr/bin/bower'
77 error error rolling back     at Error (native)
77 error error rolling back  { [Error: EACCES, unlink '/usr/bin/bower'] errno: -13, code: 'EACCES', path: '/usr/bin/bower' }
